<?xml version="1.0" encoding="UTF-8"?>
<!-- Generated by org.testng.reporters.JUnitReportReporter -->
<testsuite hostname="MSI" failures="0" tests="1" name="suiteA.TestClassAA" time="0.000" errors="0" timestamp="2025-02-08T22:33:05 IST" skipped="1">
  <testcase classname="suiteA.TestClassAA" name="testAA" time="0.000">
    <skipped/>
  </testcase> <!-- testAA -->
</testsuite> <!-- suiteA.TestClassAA -->
