<?xml version="1.0" encoding="UTF-8"?>
<!-- Generated by org.testng.reporters.JUnitReportReporter -->
<testsuite hostname="MSI" failures="0" tests="1" name="locators.LocatorsDemo" time="29.886" errors="0" timestamp="2025-02-11T19:14:07 IST" skipped="0">
  <testcase classname="locators.LocatorsDemo" name="verifyRediffSignIn" time="29.886"/>
</testsuite> <!-- locators.LocatorsDemo -->
