<?xml version="1.0" encoding="UTF-8"?>
<!-- Generated by org.testng.reporters.JUnitReportReporter -->
<testsuite hostname="MSI" failures="0" tests="3" name="browsers.SeleniumMultipleBrowsers" time="22.376" errors="0" timestamp="2025-02-09T20:41:17 IST" skipped="0">
  <testcase classname="browsers.SeleniumMultipleBrowsers" name="openInFireFox" time="9.220"/>
  <testcase classname="browsers.SeleniumMultipleBrowsers" name="openInChrome" time="6.014"/>
  <testcase classname="browsers.SeleniumMultipleBrowsers" name="openInEdge" time="7.142"/>
</testsuite> <!-- browsers.SeleniumMultipleBrowsers -->
