<?xml version="1.0" encoding="UTF-8"?>
<!-- Generated by org.testng.reporters.JUnitReportReporter -->
<testsuite hostname="MSI" failures="0" tests="1" name="SeleniumScenario2.DropDownsDemo" time="47.568" errors="0" timestamp="2025-03-15T20:33:58 IST" skipped="0">
  <testcase classname="SeleniumScenario2.DropDownsDemo" name="useDropdownTest" time="47.568"/>
</testsuite> <!-- SeleniumScenario2.DropDownsDemo -->
