<?xml version="1.0" encoding="UTF-8"?>
<!-- Generated by org.testng.reporters.JUnitReportReporter -->
<testsuite hostname="MSI" failures="0" tests="1" name="SeleniumScenario1.VerifyElements" time="8.621" errors="0" timestamp="2025-03-11T20:11:39 IST" skipped="0">
  <testcase classname="SeleniumScenario1.VerifyElements" name="verifyElementEnableTest" time="8.621"/>
</testsuite> <!-- SeleniumScenario1.VerifyElements -->
