<?xml version="1.0" encoding="UTF-8"?>
<!-- Generated by org.testng.reporters.JUnitReportReporter -->
<testsuite hostname="MSI" failures="0" tests="1" name="seleniumwaits.PageLoadTimeOut" time="40.295" errors="0" timestamp="2025-02-22T15:40:48 IST" skipped="0">
  <testcase classname="seleniumwaits.PageLoadTimeOut" name="pageLoadTest" time="40.295"/>
</testsuite> <!-- seleniumwaits.PageLoadTimeOut -->
