<?xml version="1.0" encoding="UTF-8"?>
<!-- Generated by org.testng.reporters.JUnitReportReporter -->
<testsuite hostname="MSI" failures="0" tests="1" name="locators.XpathClass" time="21.629" errors="0" timestamp="2025-02-11T20:14:24 IST" skipped="0">
  <testcase classname="locators.XpathClass" name="XpathTest" time="21.629"/>
</testsuite> <!-- locators.XpathClass -->
