<?xml version="1.0" encoding="UTF-8"?>
<!-- Generated by org.testng.reporters.JUnitReportReporter -->
<testsuite hostname="MSI" failures="0" tests="2" name="browsers.InvokeDynamicBrowser" time="18.940" errors="0" timestamp="2025-02-10T19:30:43 IST" skipped="0">
  <testcase classname="browsers.InvokeDynamicBrowser" name="openYahoo" time="10.511"/>
  <testcase classname="browsers.InvokeDynamicBrowser" name="openFacebook" time="8.429"/>
</testsuite> <!-- browsers.InvokeDynamicBrowser -->
