<?xml version="1.0" encoding="UTF-8"?>
<!-- Generated by org.testng.reporters.JUnitReportReporter -->
<testsuite hostname="MSI" failures="0" tests="1" name="SeleniumScenario1.ExtractWebpagePart" time="31.268" errors="0" timestamp="2025-03-11T20:45:54 IST" skipped="0">
  <testcase classname="SeleniumScenario1.ExtractWebpagePart" name="extractElementTest" time="31.268"/>
</testsuite> <!-- SeleniumScenario1.ExtractWebpagePart -->
