<?xml version="1.0" encoding="UTF-8"?>
<!-- Generated by org.testng.reporters.JUnitReportReporter -->
<testsuite hostname="MSI" failures="0" tests="1" name="SeleniumScenario1.HandleiFrames" time="14.492" errors="0" timestamp="2025-02-25T20:21:43 IST" skipped="0">
  <testcase classname="SeleniumScenario1.HandleiFrames" name="handleiFramesDemo" time="14.492"/>
</testsuite> <!-- SeleniumScenario1.HandleiFrames -->
