<?xml version="1.0" encoding="UTF-8"?>
<!-- Generated by org.testng.reporters.JUnitReportReporter -->
<testsuite hostname="MSI" failures="0" tests="1" name="SeleniumIntro.FirstSeleniumTest" time="2.989" errors="0" timestamp="2025-02-09T20:25:35 IST" skipped="0">
  <testcase classname="SeleniumIntro.FirstSeleniumTest" name="openSiteInChrome" time="2.989"/>
</testsuite> <!-- SeleniumIntro.FirstSeleniumTest -->
