<?xml version="1.0" encoding="UTF-8"?>
<!-- Generated by org.testng.reporters.JUnitReportReporter -->
<testsuite hostname="MSI" failures="0" tests="1" name="locators.FindElementsClass" time="20.115" errors="0" timestamp="2025-02-11T19:54:09 IST" skipped="0">
  <testcase classname="locators.FindElementsClass" name="findElementTest" time="20.115"/>
</testsuite> <!-- locators.FindElementsClass -->
