<?xml version="1.0" encoding="UTF-8"?>
<!-- Generated by org.testng.reporters.JUnitReportReporter -->
<testsuite hostname="MSI" failures="0" tests="1" name="seleniumwaits.SeleniumExplicitWaits" time="12.597" errors="0" timestamp="2025-02-25T12:59:12 IST" skipped="0">
  <testcase classname="seleniumwaits.SeleniumExplicitWaits" name="verifyCheckbox" time="12.597"/>
</testsuite> <!-- seleniumwaits.SeleniumExplicitWaits -->
