<?xml version="1.0" encoding="UTF-8"?>
<!-- Generated by org.testng.reporters.JUnitReportReporter -->
<testsuite hostname="MSI" failures="0" tests="1" name="SeleniumScenario1.ExtractTextFromWebElement" time="3.029" errors="0" timestamp="2025-02-25T13:42:48 IST" skipped="0">
  <testcase classname="SeleniumScenario1.ExtractTextFromWebElement" name="extractText" time="3.029"/>
</testsuite> <!-- SeleniumScenario1.ExtractTextFromWebElement -->
