<?xml version="1.0" encoding="UTF-8"?>
<!-- Generated by org.testng.reporters.JUnitReportReporter -->
<testsuite hostname="MSI" failures="0" tests="1" name="browsers.BrowserOptions" time="72.068" errors="0" timestamp="2025-02-11T18:07:43 IST" skipped="0">
  <testcase classname="browsers.BrowserOptions" name="firefoxBrowserProfiling" time="72.068"/>
</testsuite> <!-- browsers.BrowserOptions -->
