<?xml version="1.0" encoding="UTF-8"?>
<!-- Generated by org.testng.reporters.JUnitReportReporter -->
<testsuite hostname="MSI" failures="0" tests="1" name="seleniumwaits.HardcodeWaits" time="11.404" errors="0" timestamp="2025-02-15T14:27:31 IST" skipped="0">
  <testcase classname="seleniumwaits.HardcodeWaits" name="googleSearchTest" time="11.404"/>
</testsuite> <!-- seleniumwaits.HardcodeWaits -->
