<?xml version="1.0" encoding="UTF-8"?>
<!-- Generated by org.testng.reporters.JUnitReportReporter -->
<testsuite hostname="MSI" failures="0" tests="3" name="com.testNG.dataProviderDemo.DataProviderTrainingDemo" time="0.003" errors="0" timestamp="2025-01-26T18:09:09 IST" skipped="0">
  <testcase classname="com.testNG.dataProviderDemo.DataProviderTrainingDemo" name="scenario1" time="0.001"/>
  <system-out/>
  <testcase classname="com.testNG.dataProviderDemo.DataProviderTrainingDemo" name="commonScenario" time="0.001"/>
  <system-out/>
  <testcase classname="com.testNG.dataProviderDemo.DataProviderTrainingDemo" name="scenario2" time="0.001"/>
  <system-out/>
</testsuite> <!-- com.testNG.dataProviderDemo.DataProviderTrainingDemo -->
