<?xml version="1.0" encoding="UTF-8"?>
<!-- Generated by org.testng.reporters.JUnitReportReporter -->
<testsuite hostname="MSI" failures="0" tests="1" name="testNG.training.demo.DataProviderIntegrationTest" time="0.002" errors="0" timestamp="2025-01-25T15:58:23 IST" skipped="0">
  <testcase classname="testNG.training.demo.DataProviderIntegrationTest" name="integrationTest" time="0.002"/>
  <system-out/>
</testsuite> <!-- testNG.training.demo.DataProviderIntegrationTest -->
