<?xml version="1.0" encoding="UTF-8"?>
<!-- Generated by org.testng.reporters.JUnitReportReporter -->
<testsuite hostname="MSI" failures="0" tests="3" name="testNG.training.demo.DataProviderTrainingDemo" time="0.017" errors="0" timestamp="2025-01-25T15:58:23 IST" skipped="0">
  <testcase classname="testNG.training.demo.DataProviderTrainingDemo" name="commonScenario" time="0.010"/>
  <system-out/>
  <testcase classname="testNG.training.demo.DataProviderTrainingDemo" name="scenario1" time="0.003"/>
  <system-out/>
  <testcase classname="testNG.training.demo.DataProviderTrainingDemo" name="scenario2" time="0.004"/>
  <system-out/>
</testsuite> <!-- testNG.training.demo.DataProviderTrainingDemo -->
