<?xml version="1.0" encoding="UTF-8"?>
<!-- Generated by org.testng.reporters.JUnitReportReporter -->
<testsuite hostname="MSI" failures="0" tests="1" name="suiteB.TestClassBB" time="3.003" errors="0" timestamp="2025-01-27T22:01:58 IST" skipped="0">
  <testcase classname="suiteB.TestClassBB" name="testBB" time="3.003"/>
  <system-out/>
</testsuite> <!-- suiteB.TestClassBB -->
