<?xml version="1.0" encoding="UTF-8"?>
<!-- Generated by org.testng.reporters.JUnitReportReporter -->
<testsuite hostname="MSI" failures="0" tests="1" name="suiteA.TestClassA" time="3.018" errors="0" timestamp="2025-01-27T22:01:58 IST" skipped="0">
  <testcase classname="suiteA.TestClassA" name="testA" time="3.018"/>
  <system-out/>
</testsuite> <!-- suiteA.TestClassA -->
