<?xml version="1.0" encoding="UTF-8"?>
<!-- Generated by org.testng.reporters.JUnitReportReporter -->
<testsuite hostname="MSI" failures="0" tests="1" name="suiteB.TestClassB" time="3.002" errors="0" timestamp="2025-01-27T22:01:58 IST" skipped="0">
  <testcase classname="suiteB.TestClassB" name="testB" time="3.002"/>
  <system-out/>
</testsuite> <!-- suiteB.TestClassB -->
