<?xml version="1.0" encoding="UTF-8"?>
<!-- Generated by org.testng.reporters.JUnitReportReporter -->
<testsuite hostname="MSI" failures="0" tests="1" name="suiteA.TestClassAA" time="3.021" errors="0" timestamp="2025-01-27T22:08:53 IST" skipped="0">
  <testcase classname="suiteA.TestClassAA" name="testAA" time="3.021"/>
</testsuite> <!-- suiteA.TestClassAA -->
