<?xml version="1.0" encoding="UTF-8"?>
<!-- Generated by org.testng.reporters.JUnitReportReporter -->
<testsuite hostname="MSI" failures="0" tests="1" name="com.testNG.dataProviderDemo.AcceptanceTest" time="0.001" errors="0" timestamp="2025-01-27T21:46:23 IST" skipped="0">
  <testcase classname="com.testNG.dataProviderDemo.AcceptanceTest" name="acceptanceTest" time="0.001"/>
</testsuite> <!-- com.testNG.dataProviderDemo.AcceptanceTest -->
